<?xml version="1.0" encoding="UTF-8"?>
<!-- Generated by org.testng.reporters.JUnitReportReporter -->
<testsuite hostname="Saif" name="problems.ScreenShoot" tests="1" failures="0" timestamp="4 Dec 2015 09:21:39 GMT" time="20.688" errors="0">
  <testcase name="captureScreenshot" time="20.688" classname="problems.ScreenShoot"/>
</testsuite> <!-- problems.ScreenShoot -->
