<?xml version="1.0" encoding="UTF-8"?>
<!-- Generated by org.testng.reporters.JUnitReportReporter -->
<testsuite hostname="Saif" name="problems.ScreenShot" tests="1" failures="0" timestamp="23 Apr 2016 16:21:13 GMT" time="28.074" errors="0">
  <testcase name="captureScreenshot" time="28.074" classname="problems.ScreenShot"/>
</testsuite> <!-- problems.ScreenShot -->
