<?xml version="1.0" encoding="UTF-8"?>
<!-- Generated by org.testng.reporters.JUnitReportReporter -->
<testsuite hostname="Saiful" name="com.google.MainSearch" tests="1" failures="0" timestamp="19 Nov 2017 03:55:51 GMT" time="12.001" errors="0">
  <testcase name="selectFromSearchList" time="12.001" classname="com.google.MainSearch"/>
</testsuite> <!-- com.google.MainSearch -->
